<?xml version="1.0" encoding="UTF-8"?>
<testng-results ignored="0" total="2" passed="1" failed="1" skipped="0">
  <reporter-output>
  </reporter-output>
  <suite started-at="2020-04-15T14:53:41Z" name="Default suite" finished-at="2020-04-15T14:54:34Z" duration-ms="52569">
    <groups>
    </groups>
    <test started-at="2020-04-15T14:53:41Z" name="Default test" finished-at="2020-04-15T14:54:34Z" duration-ms="52569">
      <class name="sample.recovery.samplerecovery.RediffLogin">
        <test-method is-config="true" signature="init()[pri:0, instance:sample.recovery.samplerecovery.RediffLogin@cd1e646]" started-at="2020-04-15T11:53:41Z" name="init" finished-at="2020-04-15T11:53:42Z" duration-ms="445" status="PASS">
          <reporter-output>
          </reporter-output>
        </test-method> <!-- init -->
        <test-method is-config="true" signature="initTest()[pri:0, instance:sample.recovery.samplerecovery.RediffLogin@cd1e646]" started-at="2020-04-15T11:53:42Z" name="initTest" finished-at="2020-04-15T11:53:42Z" duration-ms="109" status="PASS">
          <reporter-output>
          </reporter-output>
        </test-method> <!-- initTest -->
        <test-method signature="RediffLogintest(java.util.Hashtable)[pri:0, instance:sample.recovery.samplerecovery.RediffLogin@cd1e646]" started-at="2020-04-15T11:53:42Z" name="RediffLogintest" data-provider="getData" finished-at="2020-04-15T11:54:07Z" duration-ms="25635" status="FAIL">
          <params>
            <param index="0">
              <value>
                <![CDATA[{Username=nkuserone, Starting=Starting, Title=Rediff Moneywiz | My Portfolio(ss), Password=King12345, Runmode=Y, Ending=Ending, login_succ_header=My Portfolio, Browser=Chrome}]]>
              </value>
            </param>
          </params>
          <exception class="java.lang.AssertionError">
            <message>
              <![CDATA[The following asserts failed:
	Title mismatch]]>
            </message>
            <full-stacktrace>
              <![CDATA[java.lang.AssertionError: The following asserts failed:
	Title mismatch
	at org.testng.asserts.SoftAssert.assertAll(SoftAssert.java:43)
	at sample.recovery.samplerecovery.keywords.GenericKeywords.assertall(GenericKeywords.java:530)
	at sample.recovery.samplerecovery.driver.DriverScript.executeKeywords(DriverScript.java:145)
	at sample.recovery.samplerecovery.RediffLogin.RediffLogintest(RediffLogin.java:33)
	at java.base/jdk.internal.reflect.NativeMethodAccessorImpl.invoke0(Native Method)
	at java.base/jdk.internal.reflect.NativeMethodAccessorImpl.invoke(NativeMethodAccessorImpl.java:62)
	at java.base/jdk.internal.reflect.DelegatingMethodAccessorImpl.invoke(DelegatingMethodAccessorImpl.java:43)
	at java.base/java.lang.reflect.Method.invoke(Method.java:566)
	at org.testng.internal.MethodInvocationHelper.invokeMethod(MethodInvocationHelper.java:104)
	at org.testng.internal.Invoker.invokeMethod(Invoker.java:645)
	at org.testng.internal.Invoker.invokeTestMethod(Invoker.java:851)
	at org.testng.internal.Invoker.invokeTestMethods(Invoker.java:1177)
	at org.testng.internal.TestMethodWorker.invokeTestMethods(TestMethodWorker.java:129)
	at org.testng.internal.TestMethodWorker.run(TestMethodWorker.java:112)
	at org.testng.TestRunner.privateRun(TestRunner.java:756)
	at org.testng.TestRunner.run(TestRunner.java:610)
	at org.testng.SuiteRunner.runTest(SuiteRunner.java:387)
	at org.testng.SuiteRunner.runSequentially(SuiteRunner.java:382)
	at org.testng.SuiteRunner.privateRun(SuiteRunner.java:340)
	at org.testng.SuiteRunner.run(SuiteRunner.java:289)
	at org.testng.SuiteRunnerWorker.runSuite(SuiteRunnerWorker.java:52)
	at org.testng.SuiteRunnerWorker.run(SuiteRunnerWorker.java:86)
	at org.testng.TestNG.runSuitesSequentially(TestNG.java:1293)
	at org.testng.TestNG.runSuitesLocally(TestNG.java:1218)
	at org.testng.TestNG.runSuites(TestNG.java:1133)
	at org.testng.TestNG.run(TestNG.java:1104)
	at org.testng.remote.AbstractRemoteTestNG.run(AbstractRemoteTestNG.java:115)
	at org.testng.remote.RemoteTestNG.initAndRun(RemoteTestNG.java:251)
	at org.testng.remote.RemoteTestNG.main(RemoteTestNG.java:77)
]]>
            </full-stacktrace>
          </exception> <!-- java.lang.AssertionError -->
          <reporter-output>
          </reporter-output>
        </test-method> <!-- RediffLogintest -->
        <test-method is-config="true" signature="quit()[pri:0, instance:sample.recovery.samplerecovery.RediffLogin@cd1e646]" started-at="2020-04-15T11:54:07Z" name="quit" finished-at="2020-04-15T11:54:08Z" duration-ms="924" status="PASS">
          <reporter-output>
          </reporter-output>
        </test-method> <!-- quit -->
        <test-method is-config="true" signature="initTest()[pri:0, instance:sample.recovery.samplerecovery.RediffLogin@cd1e646]" started-at="2020-04-15T11:54:08Z" name="initTest" finished-at="2020-04-15T11:54:08Z" duration-ms="0" status="PASS">
          <reporter-output>
          </reporter-output>
        </test-method> <!-- initTest -->
        <test-method signature="RediffLogintest(java.util.Hashtable)[pri:0, instance:sample.recovery.samplerecovery.RediffLogin@cd1e646]" started-at="2020-04-15T11:54:08Z" name="RediffLogintest" data-provider="getData" finished-at="2020-04-15T11:54:33Z" duration-ms="24654" status="PASS">
          <params>
            <param index="0">
              <value>
                <![CDATA[{Username=nkuserone, Starting=Starting, Title=Rediff Moneywiz | My Portfolio(s), Password=King12345, Runmode=Y, Ending=Ending, login_succ_header=My Portfolio, Browser=Chrome}]]>
              </value>
            </param>
          </params>
          <reporter-output>
          </reporter-output>
        </test-method> <!-- RediffLogintest -->
        <test-method is-config="true" signature="quit()[pri:0, instance:sample.recovery.samplerecovery.RediffLogin@cd1e646]" started-at="2020-04-15T11:54:33Z" name="quit" finished-at="2020-04-15T11:54:34Z" duration-ms="765" status="PASS">
          <reporter-output>
          </reporter-output>
        </test-method> <!-- quit -->
      </class> <!-- sample.recovery.samplerecovery.RediffLogin -->
    </test> <!-- Default test -->
  </suite> <!-- Default suite -->
</testng-results>
